# JRE version: Java(TM) SE Runtime Environment (8.0_181-b13) (build 1.8.0_181-b13)
# Java VM: Java HotSpot(TM) 64-Bit Server VM (25.181-b13 mixed mode windows-amd64 compressed oops)
Heap:
 PSYoungGen      total 650240K, used 281046K [0x00000000d5c00000, 0x0000000100000000, 0x0000000100000000)
  eden space 609280K, 43% used [0x00000000d5c00000,0x00000000e6069da8,0x00000000faf00000)
  from space 40960K, 35% used [0x00000000fd800000,0x00000000fe60bb28,0x0000000100000000)
  to   space 41472K, 0% used [0x00000000faf00000,0x00000000faf00000,0x00000000fd780000)
 ParOldGen       total 380416K, used 350632K [0x0000000081400000, 0x0000000098780000, 0x00000000d5c00000)
  object space 380416K, 92% used [0x0000000081400000,0x0000000096a6a108,0x0000000098780000)
 Metaspace       used 72094K, capacity 73415K, committed 73560K, reserved 1114112K
  class space    used 9424K, capacity 9739K, committed 9856K, reserved 1048576K
GC Heap History (10 events):
Event: 555.497 GC heap before
{Heap before GC invocations=85 (full 7):
 PSYoungGen      total 645632K, used 628064K [0x00000000d5c00000, 0x00000000ffe00000, 0x0000000100000000)
  eden space 601600K, 100% used [0x00000000d5c00000,0x00000000fa780000,0x00000000fa780000)
  from space 44032K, 60% used [0x00000000fa780000,0x00000000fc158170,0x00000000fd280000)
  to   space 42496K, 0% used [0x00000000fd480000,0x00000000fd480000,0x00000000ffe00000)
 ParOldGen       total 380416K, used 336522K [0x0000000081400000, 0x0000000098780000, 0x00000000d5c00000)
  object space 380416K, 88% used [0x0000000081400000,0x0000000095ca2b60,0x0000000098780000)
 Metaspace       used 71928K, capacity 73281K, committed 73560K, reserved 1114112K
  class space    used 9418K, capacity 9738K, committed 9856K, reserved 1048576K
Event: 555.518 GC heap after
Heap after GC invocations=85 (full 7):
 PSYoungGen      total 645632K, used 28175K [0x00000000d5c00000, 0x00000000ffc00000, 0x0000000100000000)
  eden space 605184K, 0% used [0x00000000d5c00000,0x00000000d5c00000,0x00000000fab00000)
  from space 40448K, 69% used [0x00000000fd480000,0x00000000ff003db8,0x00000000ffc00000)
  to   space 41472K, 0% used [0x00000000fab00000,0x00000000fab00000,0x00000000fd380000)
 ParOldGen       total 380416K, used 338586K [0x0000000081400000, 0x0000000098780000, 0x00000000d5c00000)
  object space 380416K, 89% used [0x0000000081400000,0x0000000095ea6b60,0x0000000098780000)
 Metaspace       used 71928K, capacity 73281K, committed 73560K, reserved 1114112K
  class space    used 9418K, capacity 9738K, committed 9856K, reserved 1048576K
}
Event: 576.175 GC heap before
{Heap before GC invocations=86 (full 7):
 PSYoungGen      total 645632K, used 633359K [0x00000000d5c00000, 0x00000000ffc00000, 0x0000000100000000)
  eden space 605184K, 100% used [0x00000000d5c00000,0x00000000fab00000,0x00000000fab00000)
  from space 40448K, 69% used [0x00000000fd480000,0x00000000ff003db8,0x00000000ffc00000)
  to   space 41472K, 0% used [0x00000000fab00000,0x00000000fab00000,0x00000000fd380000)
 ParOldGen       total 380416K, used 338586K [0x0000000081400000, 0x0000000098780000, 0x00000000d5c00000)
  object space 380416K, 89% used [0x0000000081400000,0x0000000095ea6b60,0x0000000098780000)
 Metaspace       used 71935K, capacity 73281K, committed 73560K, reserved 1114112K
  class space    used 9418K, capacity 9738K, committed 9856K, reserved 1048576K
Event: 576.191 GC heap after
Heap after GC invocations=86 (full 7):
 PSYoungGen      total 646656K, used 22882K [0x00000000d5c00000, 0x00000000ffe00000, 0x0000000100000000)
  eden space 605184K, 0% used [0x00000000d5c00000,0x00000000d5c00000,0x00000000fab00000)
  from space 41472K, 55% used [0x00000000fab00000,0x00000000fc158950,0x00000000fd380000)
  to   space 40960K, 0% used [0x00000000fd600000,0x00000000fd600000,0x00000000ffe00000)
 ParOldGen       total 380416K, used 341075K [0x0000000081400000, 0x0000000098780000, 0x00000000d5c00000)
  object space 380416K, 89% used [0x0000000081400000,0x0000000096114eb8,0x0000000098780000)
 Metaspace       used 71935K, capacity 73281K, committed 73560K, reserved 1114112K
  class space    used 9418K, capacity 9738K, committed 9856K, reserved 1048576K
}
Event: 606.370 GC heap before
{Heap before GC invocations=87 (full 7):
 PSYoungGen      total 646656K, used 628066K [0x00000000d5c00000, 0x00000000ffe00000, 0x0000000100000000)
  eden space 605184K, 100% used [0x00000000d5c00000,0x00000000fab00000,0x00000000fab00000)
  from space 41472K, 55% used [0x00000000fab00000,0x00000000fc158950,0x00000000fd380000)
  to   space 40960K, 0% used [0x00000000fd600000,0x00000000fd600000,0x00000000ffe00000)
 ParOldGen       total 380416K, used 341075K [0x0000000081400000, 0x0000000098780000, 0x00000000d5c00000)
  object space 380416K, 89% used [0x0000000081400000,0x0000000096114eb8,0x0000000098780000)
 Metaspace       used 71975K, capacity 73345K, committed 73560K, reserved 1114112K
  class space    used 9419K, capacity 9738K, committed 9856K, reserved 1048576K
Event: 606.387 GC heap after
Heap after GC invocations=87 (full 7):
 PSYoungGen      total 649216K, used 18559K [0x00000000d5c00000, 0x00000000ffe00000, 0x0000000100000000)
  eden space 608256K, 0% used [0x00000000d5c00000,0x00000000d5c00000,0x00000000fae00000)
  from space 40960K, 45% used [0x00000000fd600000,0x00000000fe81fda0,0x00000000ffe00000)
  to   space 40960K, 0% used [0x00000000fae00000,0x00000000fae00000,0x00000000fd600000)
 ParOldGen       total 380416K, used 344786K [0x0000000081400000, 0x0000000098780000, 0x00000000d5c00000)
  object space 380416K, 90% used [0x0000000081400000,0x00000000964b4b68,0x0000000098780000)
 Metaspace       used 71975K, capacity 73345K, committed 73560K, reserved 1114112K
  class space    used 9419K, capacity 9738K, committed 9856K, reserved 1048576K
}
Event: 638.966 GC heap before
{Heap before GC invocations=88 (full 7):
 PSYoungGen      total 649216K, used 626815K [0x00000000d5c00000, 0x00000000ffe00000, 0x0000000100000000)
  eden space 608256K, 100% used [0x00000000d5c00000,0x00000000fae00000,0x00000000fae00000)
  from space 40960K, 45% used [0x00000000fd600000,0x00000000fe81fda0,0x00000000ffe00000)
  to   space 40960K, 0% used [0x00000000fae00000,0x00000000fae00000,0x00000000fd600000)
 ParOldGen       total 380416K, used 344786K [0x0000000081400000, 0x0000000098780000, 0x00000000d5c00000)
  object space 380416K, 90% used [0x0000000081400000,0x00000000964b4b68,0x0000000098780000)
 Metaspace       used 71991K, capacity 73345K, committed 73560K, reserved 1114112K
  class space    used 9419K, capacity 9738K, committed 9856K, reserved 1048576K
Event: 638.982 GC heap after
Heap after GC invocations=88 (full 7):
 PSYoungGen      total 649216K, used 18272K [0x00000000d5c00000, 0x0000000100000000, 0x0000000100000000)
  eden space 608256K, 0% used [0x00000000d5c00000,0x00000000d5c00000,0x00000000fae00000)
  from space 40960K, 44% used [0x00000000fae00000,0x00000000fbfd8118,0x00000000fd600000)
  to   space 40960K, 0% used [0x00000000fd800000,0x00000000fd800000,0x0000000100000000)
 ParOldGen       total 380416K, used 345094K [0x0000000081400000, 0x0000000098780000, 0x00000000d5c00000)
  object space 380416K, 90% used [0x0000000081400000,0x00000000965019d8,0x0000000098780000)
 Metaspace       used 71991K, capacity 73345K, committed 73560K, reserved 1114112K
  class space    used 9419K, capacity 9738K, committed 9856K, reserved 1048576K
}
Event: 672.170 GC heap before
{Heap before GC invocations=89 (full 7):
 PSYoungGen      total 649216K, used 626528K [0x00000000d5c00000, 0x0000000100000000, 0x0000000100000000)
  eden space 608256K, 100% used [0x00000000d5c00000,0x00000000fae00000,0x00000000fae00000)
  from space 40960K, 44% used [0x00000000fae00000,0x00000000fbfd8118,0x00000000fd600000)
  to   space 40960K, 0% used [0x00000000fd800000,0x00000000fd800000,0x0000000100000000)
 ParOldGen       total 380416K, used 345094K [0x0000000081400000, 0x0000000098780000, 0x00000000d5c00000)
  object space 380416K, 90% used [0x0000000081400000,0x00000000965019d8,0x0000000098780000)
 Metaspace       used 72051K, capacity 73415K, committed 73560K, reserved 1114112K
  class space    used 9420K, capacity 9739K, committed 9856K, reserved 1048576K
Event: 672.187 GC heap after
Heap after GC invocations=89 (full 7):
 PSYoungGen      total 650240K, used 14382K [0x00000000d5c00000, 0x0000000100000000, 0x0000000100000000)
  eden space 609280K, 0% used [0x00000000d5c00000,0x00000000d5c00000,0x00000000faf00000)
  from space 40960K, 35% used [0x00000000fd800000,0x00000000fe60bb28,0x0000000100000000)
  to   space 41472K, 0% used [0x00000000faf00000,0x00000000faf00000,0x00000000fd780000)
 ParOldGen       total 380416K, used 350632K [0x0000000081400000, 0x0000000098780000, 0x00000000d5c00000)
  object space 380416K, 92% used [0x0000000081400000,0x0000000096a6a108,0x0000000098780000)
 Metaspace       used 72051K, capacity 73415K, committed 73560K, reserved 1114112K
  class space    used 9420K, capacity 9739K, committed 9856K, reserved 1048576K
}

